<?xml version="1.0" encoding="UTF-8"?>
<testsuite xmlns:xsi="http://www.w3.org/2001/XMLSchema-instance" xsi:noNamespaceSchemaLocation="https://maven.apache.org/surefire/maven-surefire-plugin/xsd/surefire-test-report-3.0.xsd" version="3.0" name="com.example.service.AuthApiClientServiceTest" time="1.14" tests="9" errors="0" skipped="0" failures="0">
  <properties>
[...]
</properties>
  <testcase name="isAuthenticated_WhenLoggedIn_ShouldReturnTrue" classname="com.example.service.AuthApiClientServiceTest" time="0.795"/>
  <testcase name="login_Failure_ShouldThrowAuthenticationException" classname="com.example.service.AuthApiClientServiceTest" time="0.15"/>
  <testcase name="isAuthenticated_WhenNotLoggedIn_ShouldReturnFalse" classname="com.example.service.AuthApiClientServiceTest" time="0.002"/>
  <testcase name="login_ServerError_ShouldRetryAndFail" classname="com.example.service.AuthApiClientServiceTest" time="0.09"/>
  <testcase name="getAccessToken_WhenAuthenticated_ShouldReturnToken" classname="com.example.service.AuthApiClientServiceTest" time="0.062"/>
  <testcase name="getAccessToken_WhenNotAuthenticated_ShouldThrowException" classname="com.example.service.AuthApiClientServiceTest" time="0.005"/>
  <testcase name="createAuthenticatedWebClient_WhenAuthenticated_ShouldIncludeAuthHeader" classname="com.example.service.AuthApiClientServiceTest" time="0.008"/>
  <testcase name="login_Success_ShouldReturnAccessToken" classname="com.example.service.AuthApiClientServiceTest" time="0.008"/>
  <testcase name="logout_ShouldClearToken" classname="com.example.service.AuthApiClientServiceTest" time="0.007"/>
</testsuite>