<?xml version="1.0" encoding="UTF-8"?>
<testsuite xmlns:xsi="http://www.w3.org/2001/XMLSchema-instance" xsi:noNamespaceSchemaLocation="https://maven.apache.org/surefire/maven-surefire-plugin/xsd/surefire-test-report-3.0.xsd" version="3.0" name="com.example.repository.UserRepositoryTest" time="14.472" tests="4" errors="0" skipped="0" failures="0">
  <properties>
[...]
</properties>
  <testcase name="testFindByUsername" classname="com.example.repository.UserRepositoryTest" time="0.715">
    <system-out><![CDATA[21:17:28.251 [main] INFO org.springframework.test.context.support.AnnotationConfigContextLoaderUtils -- Could not detect default configuration classes for test class [com.example.repository.UserRepositoryTest]: UserRepositoryTest does not declare any static, non-private, non-final, nested classes annotated with @Configuration.
21:17:28.308 [main] INFO org.springframework.boot.test.context.SpringBootTestContextBootstrapper -- Found @SpringBootConfiguration com.example.WebclientDemoApplication for test class com.example.repository.UserRepositoryTest
21:17:28.407 [main] INFO org.testcontainers.utility.ImageNameSubstitutor -- Image name substitution will be performed by: DefaultImageNameSubstitutor (composite of 'ConfigurationFileImageNameSubstitutor' and 'PrefixingImageNameSubstitutor')
21:17:28.631 [main] INFO org.testcontainers.dockerclient.DockerClientProviderStrategy -- Loaded org.testcontainers.dockerclient.UnixSocketClientProviderStrategy from ~/.testcontainers.properties, will try it first
21:17:28.805 [main] INFO org.testcontainers.dockerclient.DockerClientProviderStrategy -- Found Docker environment with local Unix socket (unix:///var/run/docker.sock)
21:17:28.806 [main] INFO org.testcontainers.DockerClientFactory -- Docker host IP address is localhost
21:17:28.823 [main] INFO org.testcontainers.DockerClientFactory -- Connected to docker: 
  Server Version: 27.5.1
  API Version: 1.47
  Operating System: OrbStack
  Total Memory: 7997 MB
21:17:28.871 [main] INFO tc.testcontainers/ryuk:0.5.1 -- Creating container for image: testcontainers/ryuk:0.5.1
21:17:29.096 [main] INFO tc.testcontainers/ryuk:0.5.1 -- Container testcontainers/ryuk:0.5.1 is starting: 35b4ae4be4bef22dab067a4cb49daaa7d18dbea54ea30e391d5af214abb388bf
21:17:29.448 [main] INFO tc.testcontainers/ryuk:0.5.1 -- Container testcontainers/ryuk:0.5.1 started in PT0.619975S
21:17:29.454 [main] INFO org.testcontainers.utility.RyukResourceReaper -- Ryuk started - will monitor and terminate Testcontainers containers on JVM exit
21:17:29.454 [main] INFO org.testcontainers.DockerClientFactory -- Checking the system...
21:17:29.454 [main] INFO org.testcontainers.DockerClientFactory -- ✔︎ Docker server version should be at least 1.6.0
21:17:29.456 [main] INFO tc.mysql:8.0 -- Creating container for image: mysql:8.0
21:17:29.523 [main] INFO tc.mysql:8.0 -- Container mysql:8.0 is starting: 9fab90dcd04c5b77fa5514c1397673f641d4dc5dd7d00d32387cb779c782d0bb
21:17:29.682 [main] INFO tc.mysql:8.0 -- Waiting for database connection to become available at jdbc:mysql://localhost:32795/testdb using query 'SELECT 1'
21:17:39.855 [main] INFO tc.mysql:8.0 -- Container mysql:8.0 started in PT10.398627S
21:17:39.855 [main] INFO tc.mysql:8.0 -- Container is started (JDBC URL: jdbc:mysql://localhost:32795/testdb)

  .   ____          _            __ _ _
 /\\ / ___'_ __ _ _(_)_ __  __ _ \ \ \ \
( ( )\___ | '_ | '_| | '_ \/ _` | \ \ \ \
 \\/  ___)| |_)| | | | | || (_| |  ) ) ) )
  '  |____| .__|_| |_|_| |_\__, | / / / /
 =========|_|==============|___/=/_/_/_/
 :: Spring Boot ::                (v3.1.0)

2025-08-15T21:17:40.045+07:00  INFO 77083 --- [           main] c.example.repository.UserRepositoryTest  : Starting UserRepositoryTest using Java 17.0.14 with PID 77083 (started by jack in /Users/jack/github.com/leenawat/testing-spring-boot-poc/webclient-demo)
2025-08-15T21:17:40.045+07:00 DEBUG 77083 --- [           main] c.example.repository.UserRepositoryTest  : Running with Spring Boot v3.1.0, Spring v6.0.9
2025-08-15T21:17:40.046+07:00  INFO 77083 --- [           main] c.example.repository.UserRepositoryTest  : No active profile set, falling back to 1 default profile: "default"
2025-08-15T21:17:40.222+07:00  INFO 77083 --- [           main] .s.d.r.c.RepositoryConfigurationDelegate : Bootstrapping Spring Data JPA repositories in DEFAULT mode.
2025-08-15T21:17:40.297+07:00  INFO 77083 --- [           main] .s.d.r.c.RepositoryConfigurationDelegate : Finished Spring Data repository scanning in 71 ms. Found 1 JPA repository interfaces.
2025-08-15T21:17:40.446+07:00  INFO 77083 --- [           main] o.hibernate.jpa.internal.util.LogHelper  : HHH000204: Processing PersistenceUnitInfo [name: default]
2025-08-15T21:17:40.475+07:00  INFO 77083 --- [           main] org.hibernate.Version                    : HHH000412: Hibernate ORM core version 6.2.2.Final
2025-08-15T21:17:40.476+07:00  INFO 77083 --- [           main] org.hibernate.cfg.Environment            : HHH000406: Using bytecode reflection optimizer
2025-08-15T21:17:40.548+07:00  INFO 77083 --- [           main] o.h.b.i.BytecodeProviderInitiator        : HHH000021: Bytecode provider name : bytebuddy
2025-08-15T21:17:40.610+07:00  INFO 77083 --- [           main] o.s.o.j.p.SpringPersistenceUnitInfo      : No LoadTimeWeaver setup: ignoring JPA class transformer
2025-08-15T21:17:40.619+07:00  INFO 77083 --- [           main] com.zaxxer.hikari.HikariDataSource       : HikariPool-1 - Starting...
2025-08-15T21:17:40.726+07:00  INFO 77083 --- [           main] com.zaxxer.hikari.pool.HikariPool        : HikariPool-1 - Added connection com.mysql.cj.jdbc.ConnectionImpl@79c1ccf7
2025-08-15T21:17:40.726+07:00  INFO 77083 --- [           main] com.zaxxer.hikari.HikariDataSource       : HikariPool-1 - Start completed.
2025-08-15T21:17:40.754+07:00  INFO 77083 --- [           main] org.hibernate.orm.dialect                : HHH035001: Using dialect: org.hibernate.dialect.MySQLDialect, version: 8.0.41
2025-08-15T21:17:40.830+07:00  INFO 77083 --- [           main] o.h.b.i.BytecodeProviderInitiator        : HHH000021: Bytecode provider name : bytebuddy
2025-08-15T21:17:41.142+07:00  INFO 77083 --- [           main] o.h.e.t.j.p.i.JtaPlatformInitiator       : HHH000490: Using JtaPlatform implementation: [org.hibernate.engine.transaction.jta.platform.internal.NoJtaPlatform]
Hibernate: create table users (id bigint not null, email varchar(255) not null, name varchar(255) not null, username varchar(255) not null, primary key (id)) engine=InnoDB
Hibernate: alter table users drop index UK_6dotkott2kjsp8vw4d0m25fb7
Hibernate: alter table users add constraint UK_6dotkott2kjsp8vw4d0m25fb7 unique (email)
Hibernate: alter table users drop index UK_r43af9ap4edm43mmtq01oddj6
Hibernate: alter table users add constraint UK_r43af9ap4edm43mmtq01oddj6 unique (username)
2025-08-15T21:17:41.262+07:00  INFO 77083 --- [           main] j.LocalContainerEntityManagerFactoryBean : Initialized JPA EntityManagerFactory for persistence unit 'default'
2025-08-15T21:17:41.457+07:00  INFO 77083 --- [           main] c.example.repository.UserRepositoryTest  : Started UserRepositoryTest in 1.573 seconds (process running for 13.596)
Hibernate: select u1_0.id,u1_0.email,u1_0.name,u1_0.username from users u1_0 where u1_0.id=?
Hibernate: insert into users (email,name,username,id) values (?,?,?,?)
Hibernate: select u1_0.id,u1_0.email,u1_0.name,u1_0.username from users u1_0 where u1_0.username=?
]]></system-out>
  </testcase>
  <testcase name="testExistsByUsername" classname="com.example.repository.UserRepositoryTest" time="0.044">
    <system-out><![CDATA[Hibernate: select u1_0.id,u1_0.email,u1_0.name,u1_0.username from users u1_0 where u1_0.id=?
Hibernate: insert into users (email,name,username,id) values (?,?,?,?)
Hibernate: select u1_0.id from users u1_0 where u1_0.username=? limit ?
Hibernate: select u1_0.id from users u1_0 where u1_0.username=? limit ?
]]></system-out>
  </testcase>
  <testcase name="testExistsByEmail" classname="com.example.repository.UserRepositoryTest" time="0.046">
    <system-out><![CDATA[Hibernate: select u1_0.id,u1_0.email,u1_0.name,u1_0.username from users u1_0 where u1_0.id=?
Hibernate: insert into users (email,name,username,id) values (?,?,?,?)
Hibernate: select u1_0.id from users u1_0 where u1_0.email=? limit ?
Hibernate: select u1_0.id from users u1_0 where u1_0.email=? limit ?
]]></system-out>
  </testcase>
  <testcase name="testSaveAndFindUser" classname="com.example.repository.UserRepositoryTest" time="0.016">
    <system-out><![CDATA[Hibernate: select u1_0.id,u1_0.email,u1_0.name,u1_0.username from users u1_0 where u1_0.id=?
]]></system-out>
  </testcase>
</testsuite>